0 info it worked if it ends with ok
1 verbose cli [ 'node', '/usr/bin/npm', 'run', 'livereload' ]
2 info using npm@2.2.0
3 info using node@v0.10.35
4 verbose node symlink /usr/bin/node
5 verbose run-script [ 'prelivereload', 'livereload', 'postlivereload' ]
6 info prelivereload mailpipe@1.0.0
7 info livereload mailpipe@1.0.0
8 verbose unsafe-perm in lifecycle true
9 info mailpipe@1.0.0 Failed to exec livereload script
10 verbose stack Error: mailpipe@1.0.0 livereload: `livereloadify app --glob '**/**'`
10 verbose stack Exit status 8
10 verbose stack     at EventEmitter.<anonymous> (/usr/lib/node_modules/npm/lib/utils/lifecycle.js:212:16)
10 verbose stack     at EventEmitter.emit (events.js:98:17)
10 verbose stack     at ChildProcess.<anonymous> (/usr/lib/node_modules/npm/lib/utils/spawn.js:14:12)
10 verbose stack     at ChildProcess.emit (events.js:98:17)
10 verbose stack     at maybeClose (child_process.js:766:16)
10 verbose stack     at Process.ChildProcess._handle.onexit (child_process.js:833:5)
11 verbose pkgid mailpipe@1.0.0
12 verbose cwd /srv/asbjornenge/mailpipe
13 error Linux 3.17.4-031704-generic
14 error argv "node" "/usr/bin/npm" "run" "livereload"
15 error node v0.10.35
16 error npm  v2.2.0
17 error code ELIFECYCLE
18 error mailpipe@1.0.0 livereload: `livereloadify app --glob '**/**'`
18 error Exit status 8
19 error Failed at the mailpipe@1.0.0 livereload script 'livereloadify app --glob '**/**''.
19 error This is most likely a problem with the mailpipe package,
19 error not with npm itself.
19 error Tell the author that this fails on your system:
19 error     livereloadify app --glob '**/**'
19 error You can get their info via:
19 error     npm owner ls mailpipe
19 error There is likely additional logging output above.
20 verbose exit [ 1, true ]
